2026-07-09 15:24:26 [run-bridge] All existing bridge processes cleared
2026-07-09 15:24:26 [run-bridge] Starting bridge (PID 99782)
15:24:26.186[36m [Client INFO] Starting WhatsApp client...[0m
15:24:30.607[36m [Client INFO] Successfully authenticated[0m

✓ Connected to WhatsApp! Type 'help' for commands.
Starting REST API server on :8080...
REST server is running. Press Ctrl+C to disconnect and exit.
15:24:32.342[36m [Client INFO] Connected to WhatsApp[0m
15:24:32.528[36m [Client INFO] Using existing chat name for 120363416021048561@g.us: LEBEN & Abba/Mommy[0m
[2026-07-09 10:37:09] ← 74775665848478: Ya but idk what their plans are
15:24:32.543[36m [Client INFO] Using existing chat name for 120363416021048561@g.us: LEBEN & Abba/Mommy[0m
[2026-07-09 10:38:52] ← 252655913979977: She said they have no plans for lunch
15:24:32.553[36m [Client INFO] Using existing chat name for 120363416021048561@g.us: LEBEN & Abba/Mommy[0m
[2026-07-09 10:39:00] ← 252655913979977: I will ask elisheva
15:24:33.953[36m [Client INFO] Using existing chat name for 120363330817070654@g.us: Tehillim for Yosef Chaim bn Esther[0m
15:24:33.965[36m [Client INFO] Using existing chat name for 120363330817070654@g.us: Tehillim for Yosef Chaim bn Esther[0m
[2026-07-09 10:43:15] ← 257573718630404: 116
15:24:33.978[36m [Client INFO] Using existing chat name for 17732189357-1625758690@g.us: Winston Worshippers[0m
15:24:33.986[36m [Client INFO] Using existing chat name for 17732189357-1625758690@g.us: Winston Worshippers[0m
15:24:33.996[36m [Client INFO] Using existing chat name for status@broadcast: 17738412839[0m
15:24:34.007[36m [Client INFO] Using existing chat name for status@broadcast: 17738412839[0m
[2026-07-09 10:50:11] ← 106425028223114: [image: image_20260709_152434.jpg] 
15:24:34.932[36m [Client INFO] Using existing chat name for 12019518001-1609772763@g.us: Banyan Tree- Minyan Only[0m
[2026-07-09 10:58:06] ← 21178634760283: [image: image_20260709_152434.jpg] 
15:24:34.946[36m [Client INFO] Using existing chat name for 12019518001-1609772763@g.us: Banyan Tree- Minyan Only[0m
[2026-07-09 10:58:17] ← 21178634760283: BAKE & ROLL ( by Más Pan) 

want to thank all the couples and families that came & ordered during this week, wishing all a safe flight back ✈️ we hope to see you all back soon 

For whom that still here and haven’t had the chance to try our dining in menu we invite you all to enjoy our flavorful dishes dine in or delivery 😋

 “Good things starts here 🤩” 

WE STILL TAKING ORDERS FOR TODAY 

Sunday - Thursday 9:30 am - 10pm 
Friday opening till 9:30am -3:30 pm  
Saturday night opening 8:00 pm -12am 


6th st. Between 5th and 10th Av. 

https://goo.gl/maps/qQR8KPrRiubyiHk27

For further information delivery and orders please whatsApp 

Wa.me/529843147443

LOOKING FORWARD HAVING YOU
15:24:34.959[36m [Client INFO] Using existing chat name for 120363315579853961@g.us: 🏆 JBN+[0m
[2026-07-09 11:01:47] ← 52196787900427: [image: image_20260709_152434.jpg] 
15:24:35.459[36m [Client INFO] Using existing chat name for 120363315579853961@g.us: 🏆 JBN+[0m
[2026-07-09 11:01:56] ← 52196787900427: [image: image_20260709_152435.jpg] 
15:24:36.254[36m [Client INFO] Using existing chat name for 120363315579853961@g.us: 🏆 JBN+[0m
[2026-07-09 11:02:08] ← 52196787900427: [image: image_20260709_152436.jpg] 
15:24:36.322[36m [Client INFO] Using existing chat name for status@broadcast: 17738412839[0m
[2026-07-09 11:03:25] ← 11351682506897: [image: image_20260709_152436.jpg] 
15:24:36.339[36m [Client INFO] Using existing chat name for 19142660337-1529705895@g.us: 2 Jewish Breaking News[0m
[2026-07-09 11:04:02] ← 35790482587671: [image: image_20260709_152436.jpg] 
15:24:36.350[36m [Client INFO] Using existing chat name for status@broadcast: 17738412839[0m
[2026-07-09 11:06:05] ← 11351682506897: [image: image_20260709_152436.jpg] 
15:24:37.245[36m [Client INFO] Using existing chat name for status@broadcast: 17738412839[0m
[2026-07-09 11:08:45] ← 11351682506897: [image: image_20260709_152437.jpg] 
15:24:38.625[36m [Client INFO] Using existing chat name for status@broadcast: 17738412839[0m
15:24:38.648[36m [Client INFO] Using existing chat name for status@broadcast: 17738412839[0m
[2026-07-09 11:10:27] ← 143886185967804: [image: image_20260709_152438.jpg] 
15:24:38.670[36m [Client INFO] Using existing chat name for 19142660337-1529705895@g.us: 2 Jewish Breaking News[0m
[2026-07-09 11:11:32] ← 35790482587671: [image: image_20260709_152438.jpg] 
15:24:38.682[36m [Client INFO] Using existing chat name for status@broadcast: 17738412839[0m
15:24:38.693[36m [Client INFO] Using existing chat name for status@broadcast: 17738412839[0m
[2026-07-09 11:11:40] ← 204260121821439: [video: video_20260709_152438.mp4] 
15:24:38.703[36m [Client INFO] Using existing chat name for status@broadcast: 17738412839[0m
15:24:38.713[36m [Client INFO] Using existing chat name for status@broadcast: 17738412839[0m
[2026-07-09 11:13:26] ← 210857191579818: [image: image_20260709_152438.jpg] 
15:24:39.395[36m [Client INFO] Using existing chat name for 120363427644086022@g.us: PH - Design[0m
15:24:39.409[36m [Client INFO] Using existing chat name for 120363427644086022@g.us: PH - Design[0m
[2026-07-09 11:14:03] ← 8315190964464: Hi guys, good evening!

Just wanted to give you a quick update so you know where we currently stand:

We have completed the schematic design phase.
We are now preparing the first set of working drawings. These are preliminary construction drawings that will allow Niv to start ordering building materials and mobilizing his team for the demolition and construction work.
The initial drawing set includes general plans such as demolition, construction, plumbing, drywall, concrete demolition, and other essential technical plans.
At the same time, we are coordinating with all of the different consultants to ensure everyone is aligned and working together.
In parallel with the working drawings, we are also building the 3D model of the project.
Very soon, we'll send you inspiration images and design references to help guide the interior design direction and make sure we're all aligned on the overall vision.
We would also appreciate it if you could process the payment for the initial design phase, as agreed. Thank you very much!

We'll continue to keep you updated as we make progress. Have a great evening!
15:24:39.420[36m [Client INFO] Using existing chat name for status@broadcast: 17738412839[0m
[2026-07-09 11:17:42] ← 204260121821439: [video: video_20260709_152439.mp4] 
15:24:40.080[36m [Client INFO] Using existing chat name for status@broadcast: 17738412839[0m
[2026-07-09 11:18:19] ← 204260121821439: [video: video_20260709_152440.mp4] 
15:24:40.093[36m [Client INFO] Using existing chat name for status@broadcast: 17738412839[0m
[2026-07-09 11:18:28] ← 204260121821439: [video: video_20260709_152440.mp4] 
15:24:40.112[36m [Client INFO] Using existing chat name for 19142660337-1529705895@g.us: 2 Jewish Breaking News[0m
[2026-07-09 11:19:15] ← 35790482587671: [image: image_20260709_152440.jpg] 
15:24:40.133[36m [Client INFO] Using existing chat name for 49521090363525@lid: 22501535027310[0m
[2026-07-09 11:19:38] ← 49521090363525: the landlord emailed me yesterday that the apartment is done and I had someone go and take a video and its definetlly in living condition. it has everything the contract says it would, it’s just a week late so I don’t think i’m gonna fight him
15:24:40.143[36m [Client INFO] Using existing chat name for 120363427644086022@g.us: PH - Design[0m
15:24:40.151[36m [Client INFO] Using existing chat name for 120363427644086022@g.us: PH - Design[0m
15:24:41.006[36m [Client INFO] Using existing chat name for 49521090363525@lid: 22501535027310[0m
[2026-07-09 11:20:56] ← 49521090363525: [video: video_20260709_152441.mp4] 
15:24:41.022[36m [Client INFO] Using existing chat name for 49521090363525@lid: 22501535027310[0m
[2026-07-09 11:20:56] ← 49521090363525: I emailed him about bookcase that be mentioned, dryer, mezuzos and if the lightbulbs hanging from the ceiling will be replaced with normal fixtures
15:24:41.036[36m [Client INFO] Using existing chat name for 49521090363525@lid: 22501535027310[0m
[2026-07-09 11:33:44] → 22501535027310: I agree
15:24:41.957[36m [Client INFO] Using existing chat name for status@broadcast: 17738412839[0m
15:24:42.701[36m [Client INFO] Using existing chat name for status@broadcast: 17738412839[0m
15:24:42.717[36m [Client INFO] Using existing chat name for status@broadcast: 17738412839[0m
[2026-07-09 11:53:56] ← 210857191579818: [image: image_20260709_152442.jpg] 
15:24:42.729[36m [Client INFO] Using existing chat name for 120363315579853961@g.us: 🏆 JBN+[0m
[2026-07-09 11:54:37] ← 52196787900427: [video: video_20260709_152442.mp4] 
15:24:43.383[36m [Client INFO] Using existing chat name for status@broadcast: 17738412839[0m
[2026-07-09 11:57:08] ← 11351682506897: [video: video_20260709_152443.mp4] 
15:24:43.395[36m [Client INFO] Using existing chat name for 19142660337-1529705895@g.us: 2 Jewish Breaking News[0m
15:24:43.405[36m [Client INFO] Using existing chat name for 19142660337-1529705895@g.us: 2 Jewish Breaking News[0m
[2026-07-09 11:57:49] ← 35790482587671: [video: video_20260709_152443.mp4] 
15:24:43.420[36m [Client INFO] Using existing chat name for status@broadcast: 17738412839[0m
15:24:43.429[36m [Client INFO] Using existing chat name for status@broadcast: 17738412839[0m
[2026-07-09 11:58:27] ← 74775665848478: [image: image_20260709_152443.jpg] 
15:24:44.169[36m [Client INFO] Using existing chat name for status@broadcast: 17738412839[0m
15:24:44.181[36m [Client INFO] Using existing chat name for status@broadcast: 17738412839[0m
[2026-07-09 12:10:15] ← 97912470122606: [image: image_20260709_152444.jpg] 
15:24:44.823[36m [Client INFO] Using existing chat name for 120363042359161849@g.us: Tehillim for Elana Chaya bat Serakh[0m
[2026-07-09 12:11:35] ← 82141652226112: 38
39
40
15:24:44.837[36m [Client INFO] Using existing chat name for 120363042359161849@g.us: Tehillim for Elana Chaya bat Serakh[0m
15:24:44.865[36m [Client INFO] Using existing chat name for 120363042359161849@g.us: Tehillim for Elana Chaya bat Serakh[0m
[2026-07-09 12:12:06] ← 82141652226112: 37
38
39
40
15:24:44.908[36m [Client INFO] Using existing chat name for 12019518001-1609772763@g.us: Banyan Tree- Minyan Only[0m
15:24:44.918[36m [Client INFO] Using existing chat name for 12019518001-1609772763@g.us: Banyan Tree- Minyan Only[0m
[2026-07-09 12:27:22] ← 129480395911412: Yes 
There will be a minian 
We are at least 8
15:24:45.925[36m [Client INFO] Using existing chat name for 12019518001-1609772763@g.us: Banyan Tree- Minyan Only[0m
15:24:45.940[36m [Client INFO] Using existing chat name for 12019518001-1609772763@g.us: Banyan Tree- Minyan Only[0m
[2026-07-09 12:32:11] ← 58923226800205: Would anyone know if week of August 2-6 there will be a sefer tora? And minyan? I’m 1for that week
15:24:45.971[36m [Client INFO] Using existing chat name for 120363315579853961@g.us: 🏆 JBN+[0m
[2026-07-09 12:36:22] ← 52196787900427: [video: video_20260709_152445.mp4] 
15:24:46.021[36m [Client INFO] Using existing chat name for 19142660337-1529705895@g.us: 2 Jewish Breaking News[0m
[2026-07-09 12:41:28] ← 35790482587671: [video: video_20260709_152446.mp4] 
15:24:46.885[36m [Client INFO] Using existing chat name for 113095229849716@lid: 113095229849716[0m
[2026-07-09 12:48:10] ← 113095229849716: Plane has flat tire. All deplaning.
15:24:46.902[36m [Client INFO] Using existing chat name for 113095229849716@lid: 113095229849716[0m
[2026-07-09 12:48:19] → 22501535027310: on no!
15:24:47.711[36m [Client INFO] Using existing chat name for 113095229849716@lid: 113095229849716[0m
[2026-07-09 12:49:34] ← 113095229849716: Oh yes!
15:24:47.727[36m [Client INFO] Using existing chat name for 120363315579853961@g.us: 🏆 JBN+[0m
[2026-07-09 12:53:36] ← 52196787900427: [video: video_20260709_152447.mp4] 
15:24:49.171[36m [Client INFO] Using existing chat name for 120363427644086022@g.us: PH - Design[0m
15:24:49.185[36m [Client INFO] Using existing chat name for 120363427644086022@g.us: PH - Design[0m
[2026-07-09 12:53:51] → 22501535027310: Thanks for the update, Matan.  Could you please send an invite for the initial design phase and I’ll send payment.
15:24:49.199[36m [Client INFO] Using existing chat name for status@broadcast: 17738412839[0m
[2026-07-09 12:55:32] ← 11351682506897: [video: video_20260709_152449.mp4] 
15:24:49.209[36m [Client INFO] Using existing chat name for 19142660337-1529705895@g.us: 2 Jewish Breaking News[0m
[2026-07-09 12:56:38] ← 35790482587671: [video: video_20260709_152449.mp4] 
15:24:49.220[36m [Client INFO] Using existing chat name for 12019518001-1609772763@g.us: Banyan Tree- Minyan Only[0m
15:24:49.228[36m [Client INFO] Using existing chat name for 12019518001-1609772763@g.us: Banyan Tree- Minyan Only[0m
[2026-07-09 12:57:49] ← 231108214038730: [image: image_20260709_152449.jpg] 
15:24:49.925[36m [Client INFO] Using existing chat name for status@broadcast: 17738412839[0m
15:24:49.935[36m [Client INFO] Using existing chat name for status@broadcast: 17738412839[0m
[2026-07-09 13:09:25] ← 108186115813576: [video: video_20260709_152449.mp4] 
15:24:49.948[36m [Client INFO] Using existing chat name for 120363315579853961@g.us: 🏆 JBN+[0m
15:24:49.956[36m [Client INFO] Using existing chat name for 120363315579853961@g.us: 🏆 JBN+[0m
[2026-07-09 13:11:01] ← 52196787900427: *BREAKING:* Initial reports of explosions in Chabahar, Sistan and Baluchestan province, Iran. It appears the US has started its third wave of strikes today against the IRGC. 

🇺🇸 *WHATSAPP GROUP* 🔗 https://chat.whatsapp.com/DocExYdzVZ428bYfebvRjd

🇮🇱 *TELEGRAM* 🔗 https://t.me/JewishBreakingNewsTelegram

🔥 *WHATSAPP CHANNEL* 🔗 https://whatsapp.com/channel/0029Va4EEJU7YSdAqzGs362F

🔗 *FOLLOW ALL JBN LINKS:* https://link.me/jbn
15:24:49.967[36m [Client INFO] Using existing chat name for status@broadcast: 17738412839[0m
[2026-07-09 13:11:41] ← 11351682506897: *BREAKING:* Initial reports of explosions in Chabahar, Sistan and Baluchestan province, Iran. It appears the US has started its third wave of strikes today against the IRGC. 

🇺🇸 *WHATSAPP GROUP* 🔗 https://chat.whatsapp.com/DocExYdzVZ428bYfebvRjd

🇮🇱 *TELEGRAM* 🔗 https://t.me/JewishBreakingNewsTelegram

🔥 *WHATSAPP CHANNEL* 🔗 https://whatsapp.com/channel/0029Va4EEJU7YSdAqzGs362F

🔗 *FOLLOW ALL JBN LINKS:* https://link.me/jbn
15:24:50.639[36m [Client INFO] Using existing chat name for 19142660337-1529705895@g.us: 2 Jewish Breaking News[0m
15:24:50.652[36m [Client INFO] Using existing chat name for 19142660337-1529705895@g.us: 2 Jewish Breaking News[0m
15:24:50.662[36m [Client INFO] Using existing chat name for 113095229849716@lid: 113095229849716[0m
[2026-07-09 13:13:18] → 22501535027310: How is it going? ETA?
15:24:50.716[36m [Client INFO] Using existing chat name for 12019518001-1609772763@g.us: Banyan Tree- Minyan Only[0m
15:24:50.725[36m [Client INFO] Using existing chat name for 12019518001-1609772763@g.us: Banyan Tree- Minyan Only[0m
[2026-07-09 13:18:40] ← 54485988687921: Minyan for
This Shabbat is
Confirmed ?
15:24:51.374[36m [Client INFO] Using existing chat name for 12019518001-1609772763@g.us: Banyan Tree- Minyan Only[0m
[2026-07-09 13:18:42] ← 54485988687921: If yes where and what time?
15:24:51.393[36m [Client INFO] Using existing chat name for 19142660337-1529705895@g.us: 2 Jewish Breaking News[0m
15:24:51.405[36m [Client INFO] Using existing chat name for 19142660337-1529705895@g.us: 2 Jewish Breaking News[0m
[2026-07-09 13:21:39] ← 35790482587671: *BREAKING:* Initial reports of explosions in Chabahar, Sistan and Baluchestan province, Iran. It appears the US has started its third wave of strikes today against the IRGC. 

🇺🇸 *WHATSAPP GROUP* 🔗 https://chat.whatsapp.com/DocExYdzVZ428bYfebvRjd

🇮🇱 *TELEGRAM* 🔗 https://t.me/JewishBreakingNewsTelegram

🔥 *WHATSAPP CHANNEL* 🔗 https://whatsapp.com/channel/0029Va4EEJU7YSdAqzGs362F

🔗 *FOLLOW ALL JBN LINKS:* https://link.me/jbn
15:24:51.418[36m [Client INFO] Using existing chat name for 12019518001-1609772763@g.us: Banyan Tree- Minyan Only[0m
15:24:51.427[36m [Client INFO] Using existing chat name for 12019518001-1609772763@g.us: Banyan Tree- Minyan Only[0m
15:24:51.438[36m [Client INFO] Using existing chat name for 120363315579853961@g.us: 🏆 JBN+[0m
[2026-07-09 13:32:21] ← 52196787900427: [image: image_20260709_152451.jpg] 
15:24:51.456[36m [Client INFO] Using existing chat name for 120363163084894840@newsletter: 120363163084894840[0m
[2026-07-09 13:32:56] ← 120363163084894840: [video: video_20260709_152451.mp4] 
15:24:52.179[36m [Client INFO] Using existing chat name for status@broadcast: 17738412839[0m
[2026-07-09 13:33:59] ← 11351682506897: [image: image_20260709_152452.jpg] 
15:24:52.233[36m [Client INFO] Using existing chat name for 19142660337-1529705895@g.us: 2 Jewish Breaking News[0m
[2026-07-09 13:34:38] ← 35790482587671: [image: image_20260709_152452.jpg] 
15:24:52.910[36m [Client INFO] Using existing chat name for status@broadcast: 17738412839[0m
15:24:52.925[36m [Client INFO] Using existing chat name for status@broadcast: 17738412839[0m
[2026-07-09 13:38:28] ← 210213030375518: [image: image_20260709_152452.jpg] 
15:24:52.951[36m [Client INFO] Using existing chat name for 237095247462444@lid: 22501535027310[0m
[2026-07-09 13:38:40] → 22501535027310: Congrats!  Just came online and saw that you got an offer and are starting next week. Is that right?
15:24:53.761[36m [Client INFO] Using existing chat name for status@broadcast: 17738412839[0m
[2026-07-09 13:38:52] ← 210213030375518: [image: image_20260709_152453.jpg] 
15:24:53.775[36m [Client INFO] Using existing chat name for 237095247462444@lid: 22501535027310[0m
[2026-07-09 13:39:01] ← 237095247462444: Yes i am so excited thank you so much for the opportunity
15:24:54.558[36m [Client INFO] Using existing chat name for 113095229849716@lid: 113095229849716[0m
[2026-07-09 13:41:24] ← 113095229849716: Still waiting but should be soon how about you? J
15:24:54.569[36m [Client INFO] Using existing chat name for 113095229849716@lid: 113095229849716[0m
[2026-07-09 13:41:39] ← 113095229849716: Just finished memo and will upload soon. Very good!
